2022-03-28 17:33:08,015 	 [INFO | game_get_image.py:62] > Vincent van Gogh, Self-portrait, 1887.
2022-03-28 17:33:08,801 	 [INFO | play_screen.py:111] > title Vincent van Gogh, Self-portrait, 1887. long Vincent van Gogh, Self-portrait, 1887.
2022-03-28 17:35:06,952 	 [INFO | game_get_image.py:62] > Johannes Vermeer, The Milkmaid, c. 1660
2022-03-28 17:35:07,675 	 [INFO | play_screen.py:111] > title Johannes Vermeer, The Milkmaid, c. 1660 long Johannes Vermeer, The Milkmaid, c. 1660
2022-03-28 17:35:07,678 	 [INFO | play_screen.py:66] > k_image w 150.0 h 123.07692307692307 x 0 y 0
2022-03-28 17:35:07,679 	 [INFO | play_screen.py:66] > k_image w 150.0 h 123.07692307692307 x 0 y 0
2022-03-28 17:35:07,680 	 [INFO | play_screen.py:66] > k_image w 150.0 h 123.07692307692307 x 0 y 0
2022-03-28 17:35:07,680 	 [INFO | play_screen.py:66] > k_image w 150.0 h 123.07692307692307 x 0 y 0
2022-03-28 17:35:07,681 	 [INFO | play_screen.py:66] > k_image w 150.0 h 123.07692307692307 x 0 y 0
2022-03-28 17:35:07,681 	 [INFO | play_screen.py:66] > k_image w 150.0 h 123.07692307692307 x 0 y 0
2022-03-28 17:35:07,682 	 [INFO | play_screen.py:66] > k_image w 150.0 h 123.07692307692307 x 0 y 0
2022-03-28 17:35:07,682 	 [INFO | play_screen.py:66] > k_image w 150.0 h 123.07692307692307 x 0 y 0
2022-03-28 17:35:07,683 	 [INFO | play_screen.py:66] > k_image w 150.0 h 123.07692307692307 x 0 y 0
2022-03-28 17:35:07,683 	 [INFO | play_screen.py:66] > k_image w 150.0 h 123.07692307692307 x 0 y 0
2022-03-28 17:35:07,684 	 [INFO | play_screen.py:66] > k_image w 150.0 h 123.07692307692307 x 0 y 0
2022-03-28 17:35:07,684 	 [INFO | play_screen.py:66] > k_image w 150.0 h 123.07692307692307 x 0 y 0
2022-03-28 17:36:21,071 	 [INFO | game_get_image.py:62] > Vincent van Gogh, Self-portrait, 1887.
2022-03-28 17:36:21,547 	 [INFO | play_screen.py:111] > title Vincent van Gogh, Self-portrait, 1887. long Vincent van Gogh, Self-portrait, 1887.
2022-03-28 17:37:38,753 	 [INFO | play_screen.py:66] > k_image w 150.0 h 123.07692307692307 x 0 y 0
2022-03-28 17:37:48,191 	 [INFO | play_screen.py:66] > k_image w 150.0 h 123.07692307692307 x 0 y 0
2022-03-28 17:38:41,472 	 [INFO | play_screen.py:66] > k_image w 150.0 h 123.07692307692307 x 0 y 0
2022-03-28 17:38:41,473 	 [INFO | play_screen.py:66] > k_image w 150.0 h 123.07692307692307 x 0 y 0
2022-03-28 17:38:41,473 	 [INFO | play_screen.py:66] > k_image w 150.0 h 123.07692307692307 x 0 y 0
2022-03-28 17:38:41,474 	 [INFO | play_screen.py:66] > k_image w 150.0 h 123.07692307692307 x 0 y 0
2022-03-28 17:38:41,474 	 [INFO | play_screen.py:66] > k_image w 150.0 h 123.07692307692307 x 0 y 0
2022-03-28 17:38:41,475 	 [INFO | play_screen.py:66] > k_image w 150.0 h 123.07692307692307 x 0 y 0
2022-03-28 17:38:41,475 	 [INFO | play_screen.py:66] > k_image w 150.0 h 123.07692307692307 x 0 y 0
2022-03-28 17:38:41,476 	 [INFO | play_screen.py:66] > k_image w 150.0 h 123.07692307692307 x 0 y 0
2022-03-28 17:38:41,476 	 [INFO | play_screen.py:66] > k_image w 150.0 h 123.07692307692307 x 0 y 0
2022-03-28 17:38:41,477 	 [INFO | play_screen.py:66] > k_image w 150.0 h 123.07692307692307 x 0 y 0
2022-03-28 18:50:46,528 	 [INFO | game_get_image.py:62] > Johannes Vermeer, The Milkmaid, c. 1660
2022-03-28 18:50:47,355 	 [INFO | play_screen.py:111] > title Johannes Vermeer, The Milkmaid, c. 1660 long Johannes Vermeer, The Milkmaid, c. 1660
