2022-02-16 15:25:18,131 	 [INFO | game_get_image.py:51] > Vincent van Gogh, Self-portrait, 1887.
2022-02-16 15:41:02,119 	 [INFO | game_get_image.py:51] > Johannes Vermeer, The Milkmaid, c. 1660
2022-02-16 15:47:44,402 	 [INFO | game_get_image.py:51] > Vincent van Gogh, Self-portrait, 1887.
2022-02-16 15:50:30,522 	 [INFO | game_get_image.py:51] > Vincent van Gogh, Self-portrait, 1887.
2022-02-16 15:52:17,183 	 [INFO | game_get_image.py:50] > Johannes Vermeer, The Milkmaid, c. 1660
2022-02-16 15:54:34,768 	 [INFO | game_get_image.py:50] > Vincent van Gogh, Self-portrait, 1887.
2022-02-16 15:54:59,449 	 [INFO | play_screen.py:35] > title Vincent van Gogh, Self-portrait, 1887. long Vincent van Gogh, Self-portrait, 1887.
2022-02-16 16:34:21,114 	 [INFO | game_get_image.py:50] > Johannes Vermeer, The Milkmaid, c. 1660
2022-02-16 16:35:38,694 	 [INFO | game_get_image.py:50] > Vincent van Gogh, Self-portrait, 1887.
2022-02-16 16:36:29,828 	 [INFO | game_get_image.py:50] > Vincent van Gogh, Self-portrait, 1887.
2022-02-16 16:38:37,554 	 [INFO | game_get_image.py:50] > Johannes Vermeer, The Milkmaid, c. 1660
2022-02-16 16:38:45,578 	 [INFO | play_screen.py:35] > title Johannes Vermeer, The Milkmaid, c. 1660 long Johannes Vermeer, The Milkmaid, c. 1660
2022-02-16 18:21:51,897 	 [INFO | game_get_image.py:50] > Vincent van Gogh, Self-portrait, 1887.
2022-02-16 18:22:57,536 	 [INFO | game_get_image.py:50] > Vincent van Gogh, Self-portrait, 1887.
2022-02-16 18:23:47,942 	 [INFO | game_get_image.py:50] > Vincent van Gogh, Self-portrait, 1887.
2022-02-16 18:24:39,071 	 [INFO | game_get_image.py:51] > Vincent van Gogh, Self-portrait, 1887.
2022-02-16 18:24:57,167 	 [ERROR | game_get_image.py:85] > 'dict' object has no attribute 'append'
2022-02-16 18:25:54,024 	 [INFO | game_get_image.py:51] > Johannes Vermeer, The Milkmaid, c. 1660
2022-02-16 18:35:40,890 	 [INFO | game_get_image.py:51] > Johannes Vermeer, The Milkmaid, c. 1660
2022-02-16 18:35:50,465 	 [INFO | play_screen.py:38] > title Johannes Vermeer, The Milkmaid, c. 1660 long Johannes Vermeer, The Milkmaid, c. 1660
2022-02-16 18:42:41,681 	 [INFO | game_get_image.py:51] > Johannes Vermeer, The Milkmaid, c. 1660
2022-02-16 18:42:52,015 	 [INFO | play_screen.py:38] > title Johannes Vermeer, The Milkmaid, c. 1660 long Johannes Vermeer, The Milkmaid, c. 1660
2022-02-16 18:44:34,656 	 [INFO | game_get_image.py:51] > Johannes Vermeer, The Milkmaid, c. 1660
2022-02-16 18:44:35,496 	 [INFO | play_screen.py:38] > title Johannes Vermeer, The Milkmaid, c. 1660 long Johannes Vermeer, The Milkmaid, c. 1660
2022-02-16 20:19:34,980 	 [INFO | game_get_image.py:51] > Johannes Vermeer, The Milkmaid, c. 1660
2022-02-16 20:19:35,839 	 [INFO | play_screen.py:38] > title Johannes Vermeer, The Milkmaid, c. 1660 long Johannes Vermeer, The Milkmaid, c. 1660
2022-02-16 20:21:12,928 	 [INFO | game_get_image.py:51] > Johannes Vermeer, The Milkmaid, c. 1660
2022-02-16 20:21:20,423 	 [INFO | play_screen.py:38] > title Johannes Vermeer, The Milkmaid, c. 1660 long Johannes Vermeer, The Milkmaid, c. 1660
2022-02-16 20:22:37,377 	 [INFO | game_get_image.py:51] > Johannes Vermeer, The Milkmaid, c. 1660
2022-02-16 20:22:38,172 	 [INFO | play_screen.py:38] > title Johannes Vermeer, The Milkmaid, c. 1660 long Johannes Vermeer, The Milkmaid, c. 1660
2022-02-16 20:24:01,730 	 [INFO | game_get_image.py:51] > Vincent van Gogh, Self-portrait, 1887.
2022-02-16 20:24:02,199 	 [INFO | play_screen.py:38] > title Vincent van Gogh, Self-portrait, 1887. long Vincent van Gogh, Self-portrait, 1887.
2022-02-16 20:24:29,003 	 [INFO | game_get_image.py:51] > Johannes Vermeer, The Milkmaid, c. 1660
2022-02-16 20:24:29,756 	 [INFO | play_screen.py:38] > title Johannes Vermeer, The Milkmaid, c. 1660 long Johannes Vermeer, The Milkmaid, c. 1660
